Loop รันเมื่อ: 2026-04-01 14:57:50.119800

# 🧠 Knowledge Digest — FN Decor Design

## 📅 2026-04-01 | จิตวิทยาการขาย: เทคนิค "ไม่ปฏิเสธ แต่ได้ข้อมูล"

---

### 🔍 สถานการณ์
ลูกค้าใหม่ขอเข้าดูหน้างานที่กำลังติดตั้งให้ลูกค้าท่านอื่น — ซึ่ง **นโยบายบริษัทไม่อนุญาต** อยู่แล้ว

---

### 🎯 ประเด็นสำคัญที่สกัดได้

- **อย่าปฏิเสธทันที** — Sale ที่เก่งจะไม่พูดว่า "ไม่ได้" เป็นคำแรก
- **ล้วงข้อมูลก่อนปฏิเสธ** — ใช้จังหวะนี้เป็นโอกาสเก็บ Lead อย่างเป็นธรรมชาติ
  - ลูกค้าอยู่โครงการไหน?
  - ต้องการบิ้วอินโครงการไหน?
  - มีงบประมาณเท่าไร?
- **เสนอทางเลือกแทน** — เลือกโครงการ/หน้างานที่ตรงกับความต้องการ แล้วส่งภาพ หรือคลิปวิดีโออัปเดตให้ดูแทน
- **ปฏิเสธแบบจบสวย** — แจ้งทีหลังว่า "เจ้าของบ้านไม่อนุญาตให้เข้าดู" → คนปฏิเสธคือเจ้าของบ้าน ไม่ใช่เรา

---

### 🏠 เชื่อมโยงกับงาน Interior Design

- **Portfolio มีค่ามหาศาล** — ภาพ/คลิปหน้างานที่ถ่ายไว้ดีๆ ทดแทนการเข้าดูจริงได้ → ต้องเก็บ content หน้างานอย่างเป็นระบบ
- **ความเป็นส่วนตัวของลูกค้าเดิม = ความน่าเชื่อถือ** — ลูกค้าใหม่เห็นว่าเราปกป้องความเป็นส่วนตัว ก็จะมั่นใจว่างานตัวเองจะถูกดูแลเหมือนกัน
- **การ Qualify Lead** — ข้อมูลโครงการ + งบ ช่วยทีมดีไซน์ประเมินขอบเขตงานได้ตั้งแต่ต้น ไม่เสียเวลาทั้งสองฝ่าย

---

### ✅ สรุป Action

| สิ่งที่ต้องทำ | เหตุผล |
|---|---|
| ถามข้อมูลลูกค้าก่อนเสมอ | เก็บ Lead ได้ทุกกรณี ไม่มี contact เสียเปล่า |
| เตรียมภาพ/คลิปหน้างานแยกตามโครงการ | ส่งให้ลูกค้าดูได้ทันที ตรง segment |
| ให้ "เจ้าของบ้าน" เป็นคนปฏิเสธ ไม่ใช่เรา | รักษาความสัมพันธ์ + ภาพลักษณ์บริษัท |
| บันทึกข้อมูล Lead เข้าระบบ | โครงการ / งบ / ความต้องการ → ติดตามต่อได้ |

---

> 💡 **หลักคิด:** เปลี่ยนทุกคำขอที่ "ทำไม่ได้" ให้เป็นโอกาสเก็บข้อมูล แล้วปฏิเสธอย่างสง่างาม