Loop ran: 2026-04-03 11:49:36.912050
New files (4):
  - 2026-04-01_จิตวิทยาการขาย.md
  - 2026-04-03_วัสดุทดแทน-กระจ.md
  - 2026-04-03_หลินมีเหตุ-การ์.md
  - README.md
Sync: skipped

=== Crystallized ===
# 📚 Knowledge Crystallization Report
**FN Decor Design | วันที่ประมวลผล: 2026-04-03**

---

## 1️⃣ จิตวิทยาการขาย: เทคนิค "ให้ก่อนปฏิเสธ"

### ประเด็นสำคัญ
- ลูกค้าขอเข้าดูหน้างานที่กำลังติดตั้ง → นโยบายบริษัทคือ **ไม่อนุญาต** (เพื่อความเป็นส่วนตัวของลูกค้าเจ้าของบ้าน)
- Sales ที่เก่ง **ไม่ปฏิเสธทันที** แต่ใช้โอกาสเก็บข้อมูลก่อน

### เชื่อมโยงกับงาน FN Decor
- ใช้ได้กับทุก touchpoint: LINE, โทรศัพท์, walk-in
- เหมาะสำหรับงาน Built-in ที่ลูกค้ามักอยากเห็นของจริง

### ขั้นตอนปฏิบัติ
- ✅ สอบถาม: โครงการไหน? ต้องการบิ้วอินห้องไหน? งบประมาณเท่าไหร่?
- ✅ เสนอทางเลือก: ส่งภาพ/คลิปวิดีโออัพเดทหน้างานให้ดู
- ✅ ค่อยแจ้งภายหลัง: "ต้องขออภัยจริงๆ เพราะลูกค้าเจ้าของบ้านไม่อนุญาตให้เข้าชม"

### ผลลัพธ์
- ✅ ได้ข้อมูล Lead ครบ
- ✅ ไม่เป็นฝ่ายปฏิเสธ (โยนให้เจ้าของบ้าน)
- ✅ ลูกค้ารู้สึกได้รับการดูแล

> **💡 One-liner:** *"เก็บข้อมูลก่อน ให้คุณค่าก่อน แล้วค่อยปฏิเสธอย่างสง่างาม"*

---

## 2️⃣ จิตวิทยาการจัดการลูกค้าเร่งงาน + ไม่จ่ายเงินงวด

### สถานการณ์
- ลูกค้าเร่งรัดงาน ขอปรับแผนงาน
- ไม่ยอมจ่ายงวด 2 จนกว่าจะได้ตารางใหม่

### เชื่อมโยงกับงาน FN Decor
- งาน Built-in มักมี timeline 4-8 สัปดาห์ ลูกค้ามักใจร้อน
- การจ่ายเงินตามงวดเป็นเรื่องละเอียดอ่อน

### หลักการแก้ปัญหา
- ❌ **ไม่ปรับเอกสาร/สัญญา** — เกี่ยวพันกับสัญญาจ้าง
- ✅ **ปรับวิธีการทำงานจริง** — เร่งให้ได้โดยไม่กระทบสัญญา

### ประโยคที่ใช้งานได้จริง (Script)

| สถานการณ์ | ประโยค |
|-----------|--------|
| อธิบายแผนงาน | *"แผนงานคือแนวทางการทำงาน โดยปกติมักเสร็จเร็วกว่าแผน"* |
| อธิบายเหตุผลเผื่อเวลา | *"การวางแผนทางความคิดกับการทำงานจริงไม่เหมือนกัน อาจเกิดอุบัติเหตุได้ เราจึงต้องเผื่อเวลาไว้"* |
| ป้องกันการเร่ง | *"งานที่เร่งมักได้คุณภาพไม่ดี ปล่อยให้เราทำงานตาม scope เพื่อให้ได้งานคุณภาพดีเถอะครับ/ค่ะ"* |
| ขอจ่ายงวด | *"เรื่องงวด 2 ต้องรบกวนด้วยนะครับ/ค่ะ ไม่งั้นงานจะยิ่งลากช้าไปกันใหญ่"* |

> **💡 One-liner:** *"ปรับวิธีทำงานได้ แต่ไม่ปรับสัญญา — ยืดหยุ่นแต่มีหลัก"*

---

## 3️⃣ ความรู้วัสดุ: ทางเลือกทดแทนกระจกเงา

### ประเด็นสำคัญ
- **กระจกเงา / กระจกเงาทอง** ใช้ติดฝ้าเพดาน
- งาน **High-end** นิยมใช้ **ฝ้าขึง** (Stretch Ceiling)

### เชื่อมโยงกับงาน FN Decor
- ใช้เป็นทางเลือกเสนอลูกค้าที่ต้องการความหรูหรา
- ฝ้าขึงสะท้อนแสงได้คล้ายกระจก แต่น้ำหนักเบากว่า ติดตั้งง่ายกว่า

> **💡 One-liner:** *"ฝ้าขึง — ทางเลือก High-end ทดแทนกระจกเงาบนเพดาน"*

---

## 📋 สรุป Quick Reference Card

| หมวด | บทเรียนหลัก | One-liner |
|------|-------------|-----------|
| การขาย | ไม่ปฏิเสธทันที เก็บข้อมูลก่อน ให้คุณค่าก่อน | *"ให้ก่อนปฏิเสธ จบสวย"* |
| จัดการลูกค้า | ปรับวิธีทำงานได้ ไม่ปรับสัญญา | *"ยืดหยุ่นแต

=== Enriched ===
# 📚 Enriched Knowledge Report
**FN Decor Design | Knowledge Agent Enhancement**
**วันที่ประมวลผล: 2026-04-03**

---

## 1️⃣ จิตวิทยาการขาย: เทคนิค "ให้ก่อนปฏิเสธ"

### 🎯 หลักการ/ทฤษฎีที่เกี่ยวข้อง

#### **1. Reciprocity Principle (หลักการแลกเปลี่ยน) — Robert Cialdini**
> *"เมื่อคนได้รับสิ่งของหรือความช่วยเหลือ จะรู้สึกเป็นหนี้บุญคุณและอยากตอบแทน"*

- การให้ข้อมูล/คลิปวิดีโอก่อน = สร้าง "หนี้ใจ" เล็กๆ
- แม้จะต้องปฏิเสธภายหลัง ลูกค้าก็รู้สึกว่าได้รับการดูแลแล้ว

#### **2. Foot-in-the-Door Technique**
> *"เริ่มจากคำขอเล็กๆ (ให้ข้อมูล) → นำไปสู่ commitment ใหญ่ (ปิดการขาย)"*

#### **3. Loss Aversion (ทฤษฎีหลีกเลี่ยงการสูญเสีย)**
- ลูกค้าที่ให้ข้อมูลไปแล้ว จะรู้สึก "เสียดาย" หากไม่ดำเนินการต่อ
- ยิ่งให้ข้อมูลมาก ยิ่งผูกพัน

---

### 🏠 สถานการณ์จริงใน FN Decor

#### **สถานการณ์ A: ลูกค้า LINE มาขอดูหน้างาน**
```
ลูกค้า: "พอจะนัดไปดูงานที่กำลังทำอยู่ได้มั้ยคะ อยากเห็นของจริง"

❌ ตอบแบบเดิม: 
"ขอโทษค่ะ ไม่สามารถทำได้เนื่องจากนโยบายบริษัท"

✅ ตอบแบบ "ให้ก่อนปฏิเสธ":
"ได้เลยค่ะ! ก่อนอื่นขอสอบถามเพิ่มเติมนะคะ 
- พี่อยู่โครงการไหนคะ?
- สนใจบิ้วอินห้องไหนบ้างคะ? (ห้องนอน/ครัว/วอดร็อป)
- งบประมาณที่ตั้งไว้ประมาณเท่าไหร่คะ?

ระหว่างนี้ขอส่งคลิปอัพเดทงานที่ใกล้เสร็จให้ดูก่อนนะคะ 
[ส่งวิดีโอ]

ส่วนการเข้าชมหน้างาน ต้องขออภัยจริงๆ ค่ะ เนื่องจากลูกค้า
เจ้าของบ้านไม่อนุญาตให้บุคคลภายนอกเข้าชมค่ะ 🙏"
```

#### **สถานการณ์ B: Walk-in ลูกค้าเข้ามาที่ Showroom**
```
ลูกค้า: "มีไซต์งานไหนให้ไปดูบ้าง?"

✅ พนักงานตอบ:
"ยินดีค่ะพี่! เดี๋ยวขอสอบถามก่อนนะคะ จะได้เลือกรูปแบบงาน
ที่ตรงกับที่พี่สนใจมาให้ดู

[สอบถาม → เก็บข้อมูล → กรอก Lead Form]

นี่ค่ะ ภาพ 3D และคลิปงานจริงที่คล้ายกับที่พี่ต้องการ
[นำเสนอบน iPad]

ส่วนการเข้าชมไซต์จริง ปกติลูกค้าเจ้าของบ้านจะไม่อนุญาตค่ะ
แต่ถ้าพี่สะดวก เดี๋ยวนัดช่างไปวัดหน้างานที่บ้านพี่เลยนะคะ 
ฟรีค่ะ!"
```

#### **สถานการณ์ C: ลูกค้าโทรมาสอบถาม**
```
ลูกค้า: "ขอนัดดูงานที่ติดตั้งอยู่ได้มั้ย จะได้มั่นใจ"

✅ Sales ตอบ:
"เข้าใจเลยครับพี่ การได้เห็นงานจริงสำคัญมาก 

ผมขอสอบถามก่อนนะครับ [ถามข้อมูล 3 ข้อ]

ดีเลยครับ! เดี๋ยวผมส่ง:
1. คลิปวิดีโอไทม์แลปส์งานที่เพิ่งเสร็จ
2. รีวิวจากลูกค้าจริง
3. ภาพ Before/After 

ให้พี่ดูก่อนเลยนะครับ ส่งทาง LINE ได้มั้ยครับ?

[ได้เบอร์ LINE → ส่งข้อมูล → Follow up]"
```

---

### 📋 Best Practice Framework: **G.I.V.E. Method**

```
┌─────────────────────────────────────────────────────────┐
│                    G.I.V.E. Framework                   │
│            (สำหรับการปฏิเสธอย่างสง่างาม)                 │
├─────────────────────────────────────────────────────────┤
│                                                         │
│  G - Gather Information First                           │
│      🔹 เก็บข้อมูลก่อนเสมอ                               │
│      🔹 ถาม: โครงการ / ห้องที่สนใจ / งบประมาณ            │
│                                                         │
│  I - Invest Value Upfront                               │
│      🔹 ให้คุณค่าก่อน (คลิป/ภาพ/คำแนะนำ)                 │
│      🔹 ทำให้ลูกค้ารู้สึก "ได้" ก่อน "เสีย"               │
│                                                         │
│  V - Validate Their Need                                │
│      🔹 ยืนยันว่าเข้าใจความต้องการ                        │
│      🔹 "เข้าใจเลยค่ะ การเห็นงานจริงสำคัญมาก"            │
│                                                         │
│  E - Explain with Empathy                               │
│      🔹 อธิบายเหตุผลด้วยความเห็นอกเห็นใจ                  │
│      🔹 โยนให้บุคคลที่ 3 (เจ้าของบ้านไม่อนุญาต)          │
│      🔹 เสนอทางเลือกอื่นทันที                            │
│                                                         │
└─────────────────────────────────────────────────────────┘
```

---

### ✅ Action Items สำหรับทีม

| # | Action Item | ผู้รับผิดชอบ | Timeline |
|---|-------------|-------------|----------|
| 1 | **สร้างคลังวิดีโอ** งานแต่ละประเภท (ห้องนอน/ครัว/วอดร็อป) อย่างน้อย 5 คลิป/ประเภท | Marketing + Site | 2 สัปดาห