Loop ran: 2026-04-05 03:41:09.288983
New files (1):
  - 2026-04-05_ลูกค้ามีงบน้อย-.md
Sync: skipped

=== Crystallized ===
# 📚 Knowledge Digest: FN Decor Design

## 📅 จากไฟล์: 2026-04-05_ลูกค้ามีงบน้อย-.md

---

### 🎯 ประเด็นสำคัญที่สกัดได้

**สถานการณ์:** ลูกค้างบจำกัดแต่ต้องการทำ Built-in ทั้งหลัง

**กลยุทธ์ที่ใช้:**
- ให้ลูกค้าไปเปรียบเทียบกับ IKEA ด้วยตัวเอง เพื่อเห็น "ราคากลาง" ของตลาด
- ใช้การเปรียบเทียบเป็นเครื่องมือสร้างความเข้าใจ ไม่ใช่การกดดัน

---

### 🔗 เชื่อมโยงกับงาน Interior Design / Built-in ของ FN Decor

| เปรียบเทียบ | IKEA | FN Decor |
|-------------|------|----------|
| คุณภาพเท่ากัน | ถูกกว่า | แพงกว่า |
| คุณภาพดีกว่า | - | **ถูกกว่า** ✅ |

**จุดขายที่แท้จริงของ FN Decor:**
- ✨ ความพิเศษ - งาน Custom ไม่ซ้ำใคร
- 🎯 ความเฉพาะเจาะจง - ออกแบบตามพื้นที่จริง
- 🤝 การบริการที่ดีกว่า - ดูแลครบวงจร
- 🚗 การอำนวยความสะดวก - ไม่ต้องประกอบเอง
- 🪵 ไม้คุณภาพดีกว่า - วัสดุพรีเมียม

---

### 📌 สรุป Bullet Points

- **อย่าสู้ราคากับ Mass Product** - เราไม่ได้ขายของถูก เราขาย "ความคุ้มค่า"
- **ให้ลูกค้าพิสูจน์เอง** - ส่งไปเปรียบเทียบ IKEA แล้วจะเห็นความต่าง
- **ขายที่ Value ไม่ใช่ Price** - Custom + Service + Quality = FN Decor
- **ใช้เป็น Case สอนทีม** - ให้ Sales เข้าใจ positioning ของบริษัท

---

### 💡 One-Liner หลักจำ

> **"ถ้าเทียบคุณภาพเดียวกัน เราแพงกว่า แต่ถ้าเทียบคุณภาพที่ดีกว่า เราถูกกว่า — เราขาย Premium Value ไม่ใช่ Low Price"**

---

### 🏷️ Tags
`#การขาย` `#จิตวิทยาลูกค้า` `#Positioning` `#งบจำกัด` `#เปรียบเทียบIKEA` `#ValueSelling`

=== Enriched ===
# 📚 Knowledge Enrichment: ลูกค้ามีงบน้อย

## 🎓 1. หลักการ/ทฤษฎีที่เกี่ยวข้อง

### 📖 Value-Based Selling (การขายบนฐานคุณค่า)
แทนที่จะแข่งราคา ให้เปลี่ยนการสนทนาไปที่ **"สิ่งที่ลูกค้าได้รับ"** ไม่ใช่ "สิ่งที่ลูกค้าจ่าย"

```
💡 สูตร: Perceived Value = Benefits - Cost
   ถ้า Benefits สูงพอ → Cost จะดูสมเหตุสมผล
```

---

### 📖 Price-Quality Heuristic (ฮิวริสติกราคา-คุณภาพ)
ลูกค้ามักเชื่อว่า **"ของแพง = ของดี"** โดยไม่รู้ตัว

**วิธีใช้กับ FN Decor:**
- ไม่ต้องลดราคาให้ถูกสุด
- แต่ต้อง **justify ราคา** ด้วยคุณค่าที่จับต้องได้

---

### 📖 Anchoring Effect (เอฟเฟกต์จุดยึด)
ราคาแรกที่ลูกค้าเห็นจะเป็น **"จุดอ้างอิง"** ในใจ

| กลยุทธ์ | วิธีทำ |
|---------|--------|
| ✅ ให้ลูกค้าไปดู IKEA ก่อน | เมื่อกลับมา จะเห็นว่า FN Decor "คุ้มค่ากว่า" สำหรับคุณภาพที่ได้ |
| ✅ เสนอ Package ใหญ่ก่อน | แล้วค่อยลดลงมาตาม Budget |

---

### 📖 The Contrast Principle (หลักความแตกต่าง)
ของสองอย่างวางเทียบกัน จะเห็นความต่างชัดขึ้น

> **"ส่งลูกค้าไป IKEA"** ไม่ใช่ไล่ลูกค้า แต่เป็นการ **สร้าง Contrast** ให้เห็นคุณค่าของงาน Custom

---

## 🎬 2. สถานการณ์จริงที่อาจเกิดขึ้นใน FN Decor

### 🎭 สถานการณ์ที่ 1: "ทำไมแพงกว่า IKEA ตั้งครึ่ง?"

**ลูกค้าพูด:**
> "ตู้เสื้อผ้าแบบนี้ IKEA ราคา 15,000 ทำไมพี่เสนอ 35,000?"

**❌ ตอบแบบผิด:**
> "ก็งาน Custom ครับ มันต้องแพงกว่า"

**✅ ตอบแบบถูก:**
> "จริงครับ ถ้าเทียบป้ายราคาอย่างเดียว เราแพงกว่าแน่นอน แต่ลองดูนะครับ..."

| รายการ | IKEA | FN Decor |
|--------|------|----------|
| ไม้ | Particle Board | Plywood E1 Grade |
| ประกอบ | ลูกค้าทำเอง | ช่างติดตั้งให้ |
| ขนาด | Fix Size | พอดีห้องเป๊ะ |
| บริการหลังขาย | Call Center | ดูแลตลอด |
| อายุการใช้งาน | 3-5 ปี | 10-15 ปี |

> "ถ้าเฉลี่ยต่อปี IKEA ตกปีละ 3,000-5,000 แต่ของเราปีละ 2,300-3,500 ถูกกว่าด้วยซ้ำครับ"

---

### 🎭 สถานการณ์ที่ 2: "งบไม่พอ แต่อยากได้ครบทุกห้อง"

**ลูกค้าพูด:**
> "มีงบ 200,000 แต่อยากทำ Built-in ครบ 5 ห้องเลย"

**✅ แนวทางตอบ:**

```
📋 เสนอ Phasing Plan:

Phase 1 (งบปัจจุบัน 200,000)
├── ห้องนอน Master - ตู้เสื้อผ้า
├── ห้องครัว - ชุดครัว
└── รวม ~180,000-200,000

Phase 2 (อีก 6 เดือน)
├── ห้องนอนลูก
├── ห้องทำงาน
└── รวม ~120,000-150,000

Phase 3 (อีก 6 เดือน)
└── ห้องอเนกประสงค์
```

> "เราทำทีละส่วน Lock ราคาไว้เลยครับ ไม่ต้องกดดันเรื่องเงินก้อน แต่ได้งานคุณภาพเหมือนกันทุก Phase"

---

### 🎭 สถานการณ์ที่ 3: "ขอลดหน่อยได้มั้ย?"

**ลูกค้าพูด:**
> "ช่วยลดให้หน่อยได้มั้ย สัก 10-15%"

**❌ ตอบแบบผิด:**
> "ลดไม่ได้ครับ ราคานี้คือราคาสุดท้าย"

**✅ ตอบแบบถูก:**
> "เข้าใจครับ งั้นเรามาดูกันว่าตรงไหนปรับได้บ้าง..."

| ตัวเลือก | ประหยัด | ผลกระทบ |
|----------|---------|---------|
| เปลี่ยนบานจาก Soft Close เป็นธรรมดา | 5-8% | สะดวกน้อยลง |
| ลดความลึกตู้จาก 60cm เป็น 55cm | 8-10% | พื้นที่เก็บน้อยลงเล็กน้อย |
| เปลี่ยน Handle จาก Premium เป็น Standard | 3-5% | ดีไซน์ต่างเล็กน้อย |
| ไม่ทำ LED ภายในตู้ | 5-7% | ไม่มีไฟส่องของ |

> "แบบนี้ลดได้ประมาณ 12% โดยคุณภาพโครงสร้างหลักยังเท่าเดิมครับ"

---

## 🛠️ 3. Best Practice & Framework

### 📋 Framework: V.A.L.U.E Conversation

```
V - Validate ความต้องการ
    "เข้าใจครับ งบเป็นเรื่องสำคัญ"

A - Ask เพื่อเข้าใจลึกขึ้น  
    "สิ่งที่สำคัญที่สุดสำหรับงานนี้คืออะไรครับ?"

L - Link คุณค่ากับความต้องการ
    "ถ้าต้องการความทนทาน งาน Custom ตอบโจทย์ตรงนี้"

U - Understand ข้อจำกัด
    "งบที่สะดวกอยู่ประมาณเท่าไหร่ครับ?"

E - Explore ทางเลือก
    "เรามี 3 ทางเลือกให้พิจารณา..."
```

---

### 📋 Price Objection Response Card

| ลูกค้าพูด | Sales ตอบ |
|-----------|-----------|
| "แพงไป" | "เมื่อเทียบกับอะไรครับ