Loop รันเมื่อ: 2026-04-02 18:11:26.143930

# 📋 สรุปตกผลึกความรู้ — FN Decor Design

## ไฟล์: `2026-04-01_จิตวิทยาการขาย.md`

---

## 🧠 ประเด็นสำคัญที่สกัดได้

- **นโยบายบริษัท:** ไม่อนุญาตให้ลูกค้ารายใหม่เข้าดูหน้างานของลูกค้ารายอื่นที่กำลังติดตั้ง (เพื่อรักษาความเป็นส่วนตัวและความไว้วางใจของลูกค้าเดิม)

- **เทคนิค Sale มืออาชีพ — "ได้ข้อมูล ไม่ปฏิเสธตรง":**
  - **ขั้นที่ 1 — ล้วงข้อมูลก่อนตอบ:** เมื่อลูกค้าขอเข้าดูหน้างาน อย่ารีบปฏิเสธ ให้ถามข้อมูลสำคัญก่อน
    - อยู่โครงการไหน?
    - ต้องการบิวท์อินโครงการไหน?
    - มีงบประมาณเท่าไร?
  - **ขั้นที่ 2 — เสนอทางเลือกทดแทน:** เลือกโครงการที่เหมาะสมส่งภาพ/คลิปวิดีโอ อัปเดตหน้างานให้ลูกค้าดูแทน
  - **ขั้นที่ 3 — ปฏิเสธอย่างนุ่มนวล:** แจ้งทีหลังว่า "ต้องขออภัย เจ้าของบ้านไม่อนุญาตให้เข้าดู"

- **ผลลัพธ์ "จบสวย":**
  - ✅ ได้ข้อมูล Lead (โครงการ, งบ, ความต้องการ) เพื่อ follow up ต่อ
  - ✅ ไม่เป็นฝ่ายปฏิเสธลูกค้าเอง (อ้างอิงเจ้าของบ้าน)
  - ✅ รักษาความสัมพันธ์กับลูกค้าใหม่ได้
  - ✅ รักษาความไว้ใจของลูกค้าเดิมได้

---

## 🔗 เชื่อมโยงกับงาน Interior Design / Built-in

| มิติ | การประยุกต์ใช้ |
|------|---------------|
| **การขาย Built-in** | ภาพ/คลิปหน้างานจริงเป็น Selling Tool ที่ทรงพลัง ต้องเก็บสะสมไว้อย่างเป็นระบบ |
| **ความเป็นส่วนตัวลูกค้า** | บ้านคือพื้นที่ส่วนตัว การปกป้องสิทธิ์ลูกค้าเดิม = สร้างความน่าเชื่อถือระยะยาว |
| **การ Qualify Lead** | รู้โครงการ + งบ = ประเมินขอบเขตงานได้ทันที จัดลำดับความสำคัญลูกค้าได้ |
| **Portfolio Management** | ควรถ่ายภาพ/วิดีโอทุกหน้างานอย่างสม่ำเสมอ เพื่อใช้เป็นเครื่องมือแทนการพาดูหน้างาน |

---

## 💡 หลักจำ (Rule of Thumb)

> **"อย่าปฏิเสธทันที ให้ถามก่อน เสนอทางเลือกก่อน แล้วค่อยปิดอย่างสุภาพ"**
> — ได้ทั้ง Data, ได้ทั้ง Relationship, ไม่เสีย Policy

---

*ตกผลึกโดย Knowledge Agent — FN Decor Design*